<?xml version="1.0" encoding="UTF-8"?>
<!-- Generated by org.testng.reporters.JUnitXMLReporter -->
<testsuite ignored="0" hostname="LAPTOP-EEAS1CV9" failures="0" tests="6" name="Test4" time="26.921" errors="0" timestamp="11 Oct 2024 01:00:30 GMT">
  <testcase classname="com.OrangeHrm.TestScripts.InvalidLoginTest" name="InvalidLoginIntoDemoWebShop" time="9.981"/>
  <testcase classname="com.OrangeHrm.TestScripts.InvalidLoginTest" name="InvalidLoginIntoDemoWebShop" time="2.24"/>
  <testcase classname="com.OrangeHrm.TestScripts.InvalidLoginTest" name="InvalidLoginIntoDemoWebShop" time="2.431"/>
  <testcase classname="com.OrangeHrm.TestScripts.InvalidLoginTest" name="InvalidLoginIntoDemoWebShop" time="1.59"/>
  <testcase classname="com.OrangeHrm.TestScripts.InvalidLoginTest" name="InvalidLoginIntoDemoWebShop" time="1.157"/>
  <testcase classname="com.OrangeHrm.TestScripts.InvalidLoginTest" name="InvalidLoginIntoDemoWebShop" time="1.395"/>
</testsuite> <!-- Test4 -->
