<?xml version="1.0" encoding="UTF-8"?>
<!-- Generated by org.testng.reporters.JUnitXMLReporter -->
<testsuite ignored="9" hostname="LAPTOP-EEAS1CV9" failures="0" tests="2" name="Test" time="9.822" errors="0" timestamp="17 Sept 2024 06:31:26 GMT">
  <testcase classname="testscripts.ValidLoginTest" name="login" time="1.399"/>
  <testcase classname="testscripts.InvalidLoginTest" name="invalidLogin" time="3.541"/>
  <testcase classname="genericlib.BaseTest" name="@AfterSuite tocloseServer" time="0.0">
    <ignored/>
  </testcase> <!-- @AfterSuite tocloseServer -->
  <testcase classname="genericlib.BaseTest" name="@AfterSuite tocloseServer" time="0.0">
    <ignored/>
  </testcase> <!-- @AfterSuite tocloseServer -->
  <testcase classname="genericlib.BaseTest" name="@AfterTest tocloseDatabase" time="0.0">
    <ignored/>
  </testcase> <!-- @AfterTest tocloseDatabase -->
  <testcase classname="genericlib.BaseTest" name="@AfterTest tocloseDatabase" time="0.0">
    <ignored/>
  </testcase> <!-- @AfterTest tocloseDatabase -->
  <testcase classname="genericlib.BaseTest" name="@BeforeTest toConnectWithDatabase" time="0.0">
    <ignored/>
  </testcase> <!-- @BeforeTest toConnectWithDatabase -->
  <testcase classname="genericlib.BaseTest" name="@BeforeTest toConnectWithDatabase" time="0.0">
    <ignored/>
  </testcase> <!-- @BeforeTest toConnectWithDatabase -->
  <testcase classname="genericlib.BaseTest" name="@BeforeSuite toConnectWithServer" time="0.0">
    <ignored/>
  </testcase> <!-- @BeforeSuite toConnectWithServer -->
  <testcase classname="genericlib.BaseTest" name="@BeforeSuite toConnectWithServer" time="0.0">
    <ignored/>
  </testcase> <!-- @BeforeSuite toConnectWithServer -->
  <testcase classname="testscripts.CreateUserTest" name="createNewUser" time="0.0">
    <ignored/>
  </testcase> <!-- createNewUser -->
</testsuite> <!-- Test -->
